# JRE version: OpenJDK Runtime Environment Temurin-11.0.12+7 (11.0.12+7) (build 11.0.12+7)
# Java VM: OpenJDK 64-Bit Server VM Temurin-11.0.12+7 (11.0.12+7, mixed mode, tiered, compressed oops, g1 gc, windows-amd64)
Heap:
 garbage-first heap   total 131072K, used 58589K [0x0000000081a00000, 0x0000000100000000)
  region size 1024K, 53 young (54272K), 5 survivors (5120K)
 Metaspace       used 29395K, capacity 30396K, committed 30460K, reserved 1075200K
  class space    used 3433K, capacity 3832K, committed 3840K, reserved 1048576K
GC Heap History (10 events):
Event: 2.052 GC heap before
{Heap before GC invocations=0 (full 0):
 garbage-first heap   total 131072K, used 14336K [0x0000000081a00000, 0x0000000100000000)
  region size 1024K, 14 young (14336K), 0 survivors (0K)
 Metaspace       used 9847K, capacity 10084K, committed 10240K, reserved 1058816K
  class space    used 931K, capacity 1001K, committed 1024K, reserved 1048576K
}
Event: 2.067 GC heap after
{Heap after GC invocations=1 (full 0):
 garbage-first heap   total 131072K, used 6739K [0x0000000081a00000, 0x0000000100000000)
  region size 1024K, 2 young (2048K), 2 survivors (2048K)
 Metaspace       used 9847K, capacity 10084K, committed 10240K, reserved 1058816K
  class space    used 931K, capacity 1001K, committed 1024K, reserved 1048576K
}
Event: 2.813 GC heap before
{Heap before GC invocations=1 (full 0):
 garbage-first heap   total 131072K, used 16979K [0x0000000081a00000, 0x0000000100000000)
  region size 1024K, 12 young (12288K), 2 survivors (2048K)
 Metaspace       used 11522K, capacity 11932K, committed 12160K, reserved 1060864K
  class space    used 1166K, capacity 1302K, committed 1408K, reserved 1048576K
}
Event: 2.818 GC heap after
{Heap after GC invocations=2 (full 0):
 garbage-first heap   total 131072K, used 7270K [0x0000000081a00000, 0x0000000100000000)
  region size 1024K, 1 young (1024K), 1 survivors (1024K)
 Metaspace       used 11522K, capacity 11932K, committed 12160K, reserved 1060864K
  class space    used 1166K, capacity 1302K, committed 1408K, reserved 1048576K
}
Event: 3.756 GC heap before
{Heap before GC invocations=2 (full 0):
 garbage-first heap   total 131072K, used 34918K [0x0000000081a00000, 0x0000000100000000)
  region size 1024K, 28 young (28672K), 1 survivors (1024K)
 Metaspace       used 16256K, capacity 16839K, committed 17152K, reserved 1064960K
  class space    used 1746K, capacity 1960K, committed 2048K, reserved 1048576K
}
Event: 3.759 GC heap after
{Heap after GC invocations=3 (full 0):
 garbage-first heap   total 131072K, used 8527K [0x0000000081a00000, 0x0000000100000000)
  region size 1024K, 2 young (2048K), 2 survivors (2048K)
 Metaspace       used 16256K, capacity 16839K, committed 17152K, reserved 1064960K
  class space    used 1746K, capacity 1960K, committed 2048K, reserved 1048576K
}
Event: 4.545 GC heap before
{Heap before GC invocations=3 (full 0):
 garbage-first heap   total 131072K, used 32079K [0x0000000081a00000, 0x0000000100000000)
  region size 1024K, 26 young (26624K), 2 survivors (2048K)
 Metaspace       used 20480K, capacity 21219K, committed 21248K, reserved 1069056K
  class space    used 2285K, capacity 2552K, committed 2560K, reserved 1048576K
}
Event: 4.551 GC heap after
{Heap after GC invocations=4 (full 0):
 garbage-first heap   total 131072K, used 9676K [0x0000000081a00000, 0x0000000100000000)
  region size 1024K, 3 young (3072K), 3 survivors (3072K)
 Metaspace       used 20480K, capacity 21219K, committed 21248K, reserved 1069056K
  class space    used 2285K, capacity 2552K, committed 2560K, reserved 1048576K
}
Event: 5.301 GC heap before
{Heap before GC invocations=5 (full 0):
 garbage-first heap   total 131072K, used 59852K [0x0000000081a00000, 0x0000000100000000)
  region size 1024K, 53 young (54272K), 3 survivors (3072K)
 Metaspace       used 27402K, capacity 28353K, committed 28412K, reserved 1075200K
  class space    used 3185K, capacity 3550K, committed 3584K, reserved 1048576K
}
Event: 5.310 GC heap after
{Heap after GC invocations=6 (full 0):
 garbage-first heap   total 131072K, used 11485K [0x0000000081a00000, 0x0000000100000000)
  region size 1024K, 5 young (5120K), 5 survivors (5120K)
 Metaspace       used 27402K, capacity 28353K, committed 28412K, reserved 1075200K
  class space    used 3185K, capacity 3550K, committed 3584K, reserved 1048576K
}

